<?xml version="1.0" encoding="UTF-8"?>
<robot generator="Robot 3.2.2 (Python 3.9.2 on win32)" generated="20210324 15:52:17.400" rpa="false">
<suite id="s1" name="TestPython" source="C:\Users\RAlexandru\Documents\Proiecte Eclipse\TestPython">
<suite id="s1-s1" name="TestCases" source="C:\Users\RAlexandru\Documents\Proiecte Eclipse\TestPython\TestCases.robot">
<test id="s1-s1-t1" name="firstTest">
<kw name="Open Browser Page">
<kw name="Open Browser" library="SeleniumLibrary">
<doc>Opens a new browser instance to the optional ``url``.</doc>
<arguments>
<arg>${url}</arg>
<arg>${browser}</arg>
</arguments>
<msg timestamp="20210324 15:52:17.767" level="INFO">Opening browser 'chrome' to base url 'https://www.python.org/'.</msg>
<status status="PASS" starttime="20210324 15:52:17.766" endtime="20210324 15:52:21.404"></status>
</kw>
<status status="PASS" starttime="20210324 15:52:17.765" endtime="20210324 15:52:21.406"></status>
</kw>
<kw name="Navigate Menu Submenu" library="primary_page.PrimaryPage">
<arguments>
<arg>${menu}</arg>
<arg>${submenu}</arg>
</arguments>
<status status="PASS" starttime="20210324 15:52:21.407" endtime="20210324 15:52:23.020"></status>
</kw>
<kw name="Retrieve Version" library="downloads_page.DownloadPage">
<doc>Method used to retrieve the last python version from the table available in All releases</doc>
<msg timestamp="20210324 15:52:32.189" level="INFO">Yes, there are 2 versions newer than the 3.9 version
The versions are:
3.9.2 released on: 2021-Feb-19
3.9.1 released on: 2020-Dec-07</msg>
<status status="PASS" starttime="20210324 15:52:23.021" endtime="20210324 15:52:32.189"></status>
</kw>
<kw name="Close Browser" library="SeleniumLibrary">
<doc>Closes the current browser.</doc>
<status status="PASS" starttime="20210324 15:52:32.190" endtime="20210324 15:52:34.348"></status>
</kw>
<tags>
<tag>debug</tag>
</tags>
<status status="PASS" starttime="20210324 15:52:17.765" endtime="20210324 15:52:34.350" critical="yes"></status>
</test>
<test id="s1-s1-t2" name="secondTest">
<kw name="Open Browser Page">
<kw name="Open Browser" library="SeleniumLibrary">
<doc>Opens a new browser instance to the optional ``url``.</doc>
<arguments>
<arg>${url}</arg>
<arg>${browser}</arg>
</arguments>
<msg timestamp="20210324 15:52:34.356" level="INFO">Opening browser 'chrome' to base url 'https://www.python.org/'.</msg>
<status status="PASS" starttime="20210324 15:52:34.356" endtime="20210324 15:52:37.806"></status>
</kw>
<status status="PASS" starttime="20210324 15:52:34.353" endtime="20210324 15:52:37.807"></status>
</kw>
<kw name="Search" library="primary_page.PrimaryPage">
<doc>Method used to search in the search bar of the site and press Enter to find results</doc>
<arguments>
<arg>${search_string}</arg>
</arguments>
<status status="PASS" starttime="20210324 15:52:37.807" endtime="20210324 15:52:39.685"></status>
</kw>
<kw name="Get First Result" library="result_page.ResultPage">
<doc>Method used to click on the first result from the search list</doc>
<arguments>
<arg>${result_string}</arg>
</arguments>
<status status="PASS" starttime="20210324 15:52:39.685" endtime="20210324 15:52:42.514"></status>
</kw>
<kw name="Verify Example Count" library="decorator_page.DecoratorPage">
<doc>Verify the number of examples presented in the Examples paragraph of the page
:return: True if the number of examples in the Example sections is 5, False otherwise</doc>
<msg timestamp="20210324 15:52:43.274" level="INFO">Yes, there are 5 examples</msg>
<status status="PASS" starttime="20210324 15:52:42.514" endtime="20210324 15:52:43.274"></status>
</kw>
<kw name="Close Browser" library="SeleniumLibrary">
<doc>Closes the current browser.</doc>
<status status="PASS" starttime="20210324 15:52:43.274" endtime="20210324 15:52:47.007"></status>
</kw>
<tags>
<tag>debug</tag>
</tags>
<status status="PASS" starttime="20210324 15:52:34.351" endtime="20210324 15:52:47.008" critical="yes"></status>
</test>
<status status="PASS" starttime="20210324 15:52:17.472" endtime="20210324 15:52:47.011"></status>
</suite>
<status status="PASS" starttime="20210324 15:52:17.442" endtime="20210324 15:52:47.019"></status>
</suite>
<statistics>
<total>
<stat pass="2" fail="0">Critical Tests</stat>
<stat pass="2" fail="0">All Tests</stat>
</total>
<tag>
<stat pass="2" fail="0">debug</stat>
</tag>
<suite>
<stat pass="2" fail="0" id="s1" name="TestPython">TestPython</stat>
<stat pass="2" fail="0" id="s1-s1" name="TestCases">TestPython.TestCases</stat>
</suite>
</statistics>
<errors>
</errors>
</robot>
